Using pre-set license
Built from '2020.3/staging' branch; Version is '2020.3.29f1 (2ff179115da0) revision 3142009'; Using compiler version '192528614'; Build Type 'Release'
OS: 'Windows 10  (10.0.19044) 64bit Professional' Language: 'pt' Physical Memory: 16296 MB
BatchMode: 1, IsHumanControllingUs: 0, StartBugReporterOnCrash: 0, Is64bit: 1, IsPro: 0

COMMAND LINE ARGUMENTS:
C:\Program Files\Unity\Hub\Editor\2020.3.29f1\Editor\Unity.exe
-adb2
-batchMode
-noUpm
-name
AssetImportWorker0
-projectPath
C:/Users/alexa/Documents/programming/uniter/fps
-logFile
Logs/AssetImportWorker0.log
-srvPort
56724
Successfully changed project path to: C:/Users/alexa/Documents/programming/uniter/fps
C:/Users/alexa/Documents/programming/uniter/fps
Using Asset Import Pipeline V2.
Refreshing native plugins compatible for Editor in 84.78 ms, found 2 plugins.
Preloading 0 native plugins for Editor in 0.00 ms.
Initialize engine version: 2020.3.29f1 (2ff179115da0)
[Subsystems] Discovering subsystems at path C:/Program Files/Unity/Hub/Editor/2020.3.29f1/Editor/Data/Resources/UnitySubsystems
[Subsystems] Discovering subsystems at path C:/Users/alexa/Documents/programming/uniter/fps/Assets
GfxDevice: creating device client; threaded=0
Direct3D:
    Version:  Direct3D 11.0 [level 11.1]
    Renderer: NVIDIA GeForce GTX 1050 Ti (ID=0x1c82)
    Vendor:   
    VRAM:     4018 MB
    Driver:   31.0.15.1640
Initialize mono
Mono path[0] = 'C:/Program Files/Unity/Hub/Editor/2020.3.29f1/Editor/Data/Managed'
Mono path[1] = 'C:/Program Files/Unity/Hub/Editor/2020.3.29f1/Editor/Data/MonoBleedingEdge/lib/mono/unityjit'
Mono config path = 'C:/Program Files/Unity/Hub/Editor/2020.3.29f1/Editor/Data/MonoBleedingEdge/etc'
Using monoOptions --debugger-agent=transport=dt_socket,embedding=1,server=y,suspend=n,address=127.0.0.1:56616
Begin MonoManager ReloadAssembly
Registering precompiled unity dll's ...
Register platform support module: C:/Program Files/Unity/Hub/Editor/2020.3.29f1/Editor/Data/PlaybackEngines/WindowsStandaloneSupport/UnityEditor.WindowsStandalone.Extensions.dll
Registered in 0.002328 seconds.
Native extension for WindowsStandalone target not found
Refreshing native plugins compatible for Editor in 92.85 ms, found 2 plugins.
Preloading 0 native plugins for Editor in 0.00 ms.
Mono: successfully reloaded assembly
- Completed reload, in  0.634 seconds
Domain Reload Profiling:
	ReloadAssembly (634ms)
		BeginReloadAssembly (65ms)
			ExecutionOrderSort (0ms)
			DisableScriptedObjects (0ms)
			BackupInstance (0ms)
			ReleaseScriptingObjects (0ms)
			CreateAndSetChildDomain (1ms)
		EndReloadAssembly (493ms)
			LoadAssemblies (62ms)
			RebuildTransferFunctionScriptingTraits (0ms)
			SetupTypeCache (147ms)
			ReleaseScriptCaches (0ms)
			RebuildScriptCaches (30ms)
			SetupLoadedEditorAssemblies (218ms)
				LogAssemblyErrors (0ms)
				InitializePlatformSupportModulesInManaged (4ms)
				SetLoadedEditorAssemblies (0ms)
				RefreshPlugins (93ms)
				BeforeProcessingInitializeOnLoad (12ms)
				ProcessInitializeOnLoadAttributes (82ms)
				ProcessInitializeOnLoadMethodAttributes (26ms)
				AfterProcessingInitializeOnLoad (0ms)
				EditorAssembliesLoaded (0ms)
			ExecutionOrderSort2 (0ms)
			AwakeInstancesAfterBackupRestoration (0ms)
Platform modules already initialized, skipping
Registering precompiled user dll's ...
Registered in 0.004763 seconds.
Begin MonoManager ReloadAssembly
Native extension for WindowsStandalone target not found
Refreshing native plugins compatible for Editor in 92.35 ms, found 2 plugins.
Preloading 0 native plugins for Editor in 0.00 ms.
Mono: successfully reloaded assembly
- Completed reload, in  1.539 seconds
Domain Reload Profiling:
	ReloadAssembly (1540ms)
		BeginReloadAssembly (148ms)
			ExecutionOrderSort (0ms)
			DisableScriptedObjects (5ms)
			BackupInstance (0ms)
			ReleaseScriptingObjects (0ms)
			CreateAndSetChildDomain (18ms)
		EndReloadAssembly (1328ms)
			LoadAssemblies (110ms)
			RebuildTransferFunctionScriptingTraits (0ms)
			SetupTypeCache (377ms)
			ReleaseScriptCaches (1ms)
			RebuildScriptCaches (85ms)
			SetupLoadedEditorAssemblies (626ms)
				LogAssemblyErrors (0ms)
				InitializePlatformSupportModulesInManaged (3ms)
				SetLoadedEditorAssemblies (0ms)
				RefreshPlugins (92ms)
				BeforeProcessingInitializeOnLoad (111ms)
				ProcessInitializeOnLoadAttributes (262ms)
				ProcessInitializeOnLoadMethodAttributes (149ms)
				AfterProcessingInitializeOnLoad (8ms)
				EditorAssembliesLoaded (0ms)
			ExecutionOrderSort2 (0ms)
			AwakeInstancesAfterBackupRestoration (6ms)
Platform modules already initialized, skipping
========================================================================
Worker process is ready to serve import requests
Launched and connected shader compiler UnityShaderCompiler.exe after 0.13 seconds
Refreshing native plugins compatible for Editor in 0.70 ms, found 2 plugins.
Preloading 0 native plugins for Editor in 0.00 ms.
Unloading 4170 Unused Serialized files (Serialized files now loaded: 0)
System memory in use before: 193.6 MB.
System memory in use after: 193.8 MB.

Unloading 18 unused Assets to reduce memory usage. Loaded Objects now: 4628.
Total: 3.673300 ms (FindLiveObjects: 0.286300 ms CreateObjectMapping: 0.200900 ms MarkObjects: 3.067800 ms  DeleteObjects: 0.117500 ms)

AssetImportParameters requested are different than current active one (requested -> active):
  custom:framework-win-MediaFoundation: 216162199b28c13a410421893ffa2e32 -> 
  custom:video-decoder-ogg-theora: a1e56fd34408186e4bbccfd4996cb3dc -> 
  custom:container-muxer-webm: aa71ff27fc2769a1b78a27578f13a17b -> 
  custom:container-demuxer-webm: 4f35f7cbe854078d1ac9338744f61a02 -> 
  custom:container-demuxer-ogg: 62fdf1f143b41e24485cea50d1cbac27 -> 
  custom:video-encoder-webm-vp8: eb34c28f22e8b96e1ab97ce403110664 -> 
  custom:video-decoder-webm-vp8: 9c59270c3fd7afecdb556c50c9e8de78 -> 
  custom:audio-decoder-ogg-vorbis: bf7c407c2cedff20999df2af8eb42d56 -> 
  custom:audio-encoder-webm-vorbis: bf7c407c2cedff20999df2af8eb42d56 -> 
========================================================================
Received Import Request.
  path: Assets/Prefabs/Backrooms/1/4.prefab
  artifactKey: Guid(4c426629e07dcf947bc195bb2a8928b0) Importer(815301076,1909f56bfc062723c751e8b465ee728b)
Start importing Assets/Prefabs/Backrooms/1/4.prefab using Guid(4c426629e07dcf947bc195bb2a8928b0) Importer(815301076,1909f56bfc062723c751e8b465ee728b)  -> (artifact id: '0a7546c887b9ab771ea7521ad3becd72') in 0.075424 seconds 
  Import took 0.082663 seconds .

========================================================================
Received Import Request.
  Time since last request: 0.000228 seconds.
  path: Assets/Prefabs/Backrooms/1/2.prefab
  artifactKey: Guid(7270e126252440845b16f34c11a528a2) Importer(815301076,1909f56bfc062723c751e8b465ee728b)
Start importing Assets/Prefabs/Backrooms/1/2.prefab using Guid(7270e126252440845b16f34c11a528a2) Importer(815301076,1909f56bfc062723c751e8b465ee728b)  -> (artifact id: 'a60e1efe9cc835349bc7d135a7d70b66') in 0.591344 seconds 
  Import took 0.599694 seconds .

========================================================================
Received Import Request.
  Time since last request: 0.000172 seconds.
  path: Assets/Prefabs/Backrooms/1/4 1.prefab
  artifactKey: Guid(0b3a8b0acd5812240b48853edf85375d) Importer(815301076,1909f56bfc062723c751e8b465ee728b)
Start importing Assets/Prefabs/Backrooms/1/4 1.prefab using Guid(0b3a8b0acd5812240b48853edf85375d) Importer(815301076,1909f56bfc062723c751e8b465ee728b)  -> (artifact id: 'aede8d92cce491fd33b51ddf581d5911') in 0.017234 seconds 
  Import took 0.025797 seconds .

========================================================================
Received Import Request.
  Time since last request: 0.000147 seconds.
  path: Assets/Prefabs/Backrooms/1/1.prefab
  artifactKey: Guid(4a5878a9da0713244b9d36d7746fdf6a) Importer(815301076,1909f56bfc062723c751e8b465ee728b)
Start importing Assets/Prefabs/Backrooms/1/1.prefab using Guid(4a5878a9da0713244b9d36d7746fdf6a) Importer(815301076,1909f56bfc062723c751e8b465ee728b)  -> (artifact id: '3ad22b2716bd746ca30f7676a2a174a3') in 0.014178 seconds 
  Import took 0.020811 seconds .

========================================================================
Received Import Request.
  Time since last request: 0.000182 seconds.
  path: Assets/Prefabs/Backrooms/1/3.prefab
  artifactKey: Guid(b998106182f84164181cae34eb6c2e67) Importer(815301076,1909f56bfc062723c751e8b465ee728b)
Start importing Assets/Prefabs/Backrooms/1/3.prefab using Guid(b998106182f84164181cae34eb6c2e67) Importer(815301076,1909f56bfc062723c751e8b465ee728b)  -> (artifact id: '09951332dffceb2ccc865e3e7089dba2') in 0.015646 seconds 
  Import took 0.023329 seconds .

========================================================================
Received Import Request.
  Time since last request: 0.587435 seconds.
  path: Assets/Prefabs/Backrooms/1/1 1.prefab
  artifactKey: Guid(e10bda67738c93f4f958d9bbe5af4c7e) Importer(815301076,1909f56bfc062723c751e8b465ee728b)
Start importing Assets/Prefabs/Backrooms/1/1 1.prefab using Guid(e10bda67738c93f4f958d9bbe5af4c7e) Importer(815301076,1909f56bfc062723c751e8b465ee728b)  -> (artifact id: '89de60148abaac35ccbb12db508d90ec') in 0.012249 seconds 
  Import took 0.020599 seconds .

========================================================================
Received Import Request.
  Time since last request: 3.229575 seconds.
  path: Assets/Prefabs/Backrooms/1/5.prefab
  artifactKey: Guid(e10bda67738c93f4f958d9bbe5af4c7e) Importer(815301076,1909f56bfc062723c751e8b465ee728b)
Start importing Assets/Prefabs/Backrooms/1/5.prefab using Guid(e10bda67738c93f4f958d9bbe5af4c7e) Importer(815301076,1909f56bfc062723c751e8b465ee728b)  -> (artifact id: '3cc0835c87d75045ba98635cb26a4a43') in 0.012834 seconds 
  Import took 0.019764 seconds .

========================================================================
Received Import Request.
  Time since last request: 9.620386 seconds.
  path: Assets/Prefabs/Backrooms/1/1.prefab
  artifactKey: Guid(4a5878a9da0713244b9d36d7746fdf6a) Importer(815301076,1909f56bfc062723c751e8b465ee728b)
Start importing Assets/Prefabs/Backrooms/1/1.prefab using Guid(4a5878a9da0713244b9d36d7746fdf6a) Importer(815301076,1909f56bfc062723c751e8b465ee728b)  -> (artifact id: '18e75ab86e884c39478c2703165de225') in 0.009892 seconds 
  Import took 0.016999 seconds .

========================================================================
Received Import Request.
  Time since last request: 0.000256 seconds.
  path: Assets/Prefabs/Backrooms/1/4.prefab
  artifactKey: Guid(4c426629e07dcf947bc195bb2a8928b0) Importer(815301076,1909f56bfc062723c751e8b465ee728b)
Start importing Assets/Prefabs/Backrooms/1/4.prefab using Guid(4c426629e07dcf947bc195bb2a8928b0) Importer(815301076,1909f56bfc062723c751e8b465ee728b)  -> (artifact id: 'cd12eb01c43c637d6c5bb7189af441b5') in 0.023335 seconds 
  Import took 0.030855 seconds .

========================================================================
Received Import Request.
  Time since last request: 0.000223 seconds.
  path: Assets/Prefabs/Backrooms/1/2.prefab
  artifactKey: Guid(7270e126252440845b16f34c11a528a2) Importer(815301076,1909f56bfc062723c751e8b465ee728b)
Start importing Assets/Prefabs/Backrooms/1/2.prefab using Guid(7270e126252440845b16f34c11a528a2) Importer(815301076,1909f56bfc062723c751e8b465ee728b)  -> (artifact id: 'eb59c68a0d3636f3e39dc93520060642') in 0.045263 seconds 
  Import took 0.053944 seconds .

========================================================================
Received Import Request.
  Time since last request: 0.000155 seconds.
  path: Assets/Prefabs/Backrooms/1/4 1.prefab
  artifactKey: Guid(0b3a8b0acd5812240b48853edf85375d) Importer(815301076,1909f56bfc062723c751e8b465ee728b)
Start importing Assets/Prefabs/Backrooms/1/4 1.prefab using Guid(0b3a8b0acd5812240b48853edf85375d) Importer(815301076,1909f56bfc062723c751e8b465ee728b)  -> (artifact id: '0179fffac7fbab2654f5cef34d9643df') in 0.017346 seconds 
  Import took 0.025806 seconds .

========================================================================
Received Import Request.
  Time since last request: 0.000176 seconds.
  path: Assets/Prefabs/Backrooms/1/5.prefab
  artifactKey: Guid(e10bda67738c93f4f958d9bbe5af4c7e) Importer(815301076,1909f56bfc062723c751e8b465ee728b)
Start importing Assets/Prefabs/Backrooms/1/5.prefab using Guid(e10bda67738c93f4f958d9bbe5af4c7e) Importer(815301076,1909f56bfc062723c751e8b465ee728b)  -> (artifact id: 'b22d41808de44beb444130fd60f4706c') in 0.013171 seconds 
  Import took 0.020951 seconds .

========================================================================
Received Import Request.
  Time since last request: 0.000160 seconds.
  path: Assets/Prefabs/Backrooms/1/3.prefab
  artifactKey: Guid(b998106182f84164181cae34eb6c2e67) Importer(815301076,1909f56bfc062723c751e8b465ee728b)
Start importing Assets/Prefabs/Backrooms/1/3.prefab using Guid(b998106182f84164181cae34eb6c2e67) Importer(815301076,1909f56bfc062723c751e8b465ee728b)  -> (artifact id: 'd8e72b20087c70de2de61ea2358858b3') in 0.012037 seconds 
  Import took 0.018639 seconds .

========================================================================
Received Import Request.
  Time since last request: 5.477500 seconds.
  path: Assets/Prefabs/Backrooms/1/1.prefab
  artifactKey: Guid(4a5878a9da0713244b9d36d7746fdf6a) Importer(815301076,1909f56bfc062723c751e8b465ee728b)
Start importing Assets/Prefabs/Backrooms/1/1.prefab using Guid(4a5878a9da0713244b9d36d7746fdf6a) Importer(815301076,1909f56bfc062723c751e8b465ee728b)  -> (artifact id: 'ab21f2d9eb8748a1ef46e3e521b89f16') in 0.009566 seconds 
  Import took 0.016891 seconds .

========================================================================
Received Import Request.
  Time since last request: 0.000233 seconds.
  path: Assets/Prefabs/Backrooms/1/4.prefab
  artifactKey: Guid(4c426629e07dcf947bc195bb2a8928b0) Importer(815301076,1909f56bfc062723c751e8b465ee728b)
Start importing Assets/Prefabs/Backrooms/1/4.prefab using Guid(4c426629e07dcf947bc195bb2a8928b0) Importer(815301076,1909f56bfc062723c751e8b465ee728b)  -> (artifact id: '72c710290e0b3eb0ef9190cc09ef3419') in 0.022656 seconds 
  Import took 0.029868 seconds .

========================================================================
Received Import Request.
  Time since last request: 0.000218 seconds.
  path: Assets/Prefabs/Backrooms/1/2.prefab
  artifactKey: Guid(7270e126252440845b16f34c11a528a2) Importer(815301076,1909f56bfc062723c751e8b465ee728b)
Start importing Assets/Prefabs/Backrooms/1/2.prefab using Guid(7270e126252440845b16f34c11a528a2) Importer(815301076,1909f56bfc062723c751e8b465ee728b)  -> (artifact id: 'def95b471e842a39c15908da0a4f7ac0') in 0.047212 seconds 
  Import took 0.054025 seconds .

========================================================================
Received Import Request.
  Time since last request: 0.000146 seconds.
  path: Assets/Prefabs/Backrooms/1/4 1.prefab
  artifactKey: Guid(0b3a8b0acd5812240b48853edf85375d) Importer(815301076,1909f56bfc062723c751e8b465ee728b)
Start importing Assets/Prefabs/Backrooms/1/4 1.prefab using Guid(0b3a8b0acd5812240b48853edf85375d) Importer(815301076,1909f56bfc062723c751e8b465ee728b)  -> (artifact id: '6b7fbdb158629055891db303a0e6d770') in 0.022999 seconds 
  Import took 0.033500 seconds .

========================================================================
Received Import Request.
  Time since last request: 0.000160 seconds.
  path: Assets/Prefabs/Backrooms/1/5.prefab
  artifactKey: Guid(e10bda67738c93f4f958d9bbe5af4c7e) Importer(815301076,1909f56bfc062723c751e8b465ee728b)
Start importing Assets/Prefabs/Backrooms/1/5.prefab using Guid(e10bda67738c93f4f958d9bbe5af4c7e) Importer(815301076,1909f56bfc062723c751e8b465ee728b)  -> (artifact id: '45474ca61dfa91df056048843b0dde48') in 0.013732 seconds 
  Import took 0.022011 seconds .

========================================================================
Received Import Request.
  Time since last request: 0.000150 seconds.
  path: Assets/Prefabs/Backrooms/1/3.prefab
  artifactKey: Guid(b998106182f84164181cae34eb6c2e67) Importer(815301076,1909f56bfc062723c751e8b465ee728b)
Start importing Assets/Prefabs/Backrooms/1/3.prefab using Guid(b998106182f84164181cae34eb6c2e67) Importer(815301076,1909f56bfc062723c751e8b465ee728b)  -> (artifact id: '5729ae4f7db3d68cdae75c4c0b9e2774') in 0.013036 seconds 
  Import took 0.021565 seconds .

========================================================================
Received Import Request.
  Time since last request: 1.606696 seconds.
  path: Assets/Prefabs/Backrooms/1/1.prefab
  artifactKey: Guid(4a5878a9da0713244b9d36d7746fdf6a) Importer(815301076,1909f56bfc062723c751e8b465ee728b)
Start importing Assets/Prefabs/Backrooms/1/1.prefab using Guid(4a5878a9da0713244b9d36d7746fdf6a) Importer(815301076,1909f56bfc062723c751e8b465ee728b)  -> (artifact id: '4b2fd5d95086d36f853ebd071ae429c1') in 0.010451 seconds 
  Import took 0.017433 seconds .

========================================================================
Received Import Request.
  Time since last request: 0.000206 seconds.
  path: Assets/Prefabs/Backrooms/1/4.prefab
  artifactKey: Guid(4c426629e07dcf947bc195bb2a8928b0) Importer(815301076,1909f56bfc062723c751e8b465ee728b)
Start importing Assets/Prefabs/Backrooms/1/4.prefab using Guid(4c426629e07dcf947bc195bb2a8928b0) Importer(815301076,1909f56bfc062723c751e8b465ee728b)  -> (artifact id: 'c3beb250016c2edc6c33d020d7c1fc0b') in 0.022627 seconds 
  Import took 0.029573 seconds .

========================================================================
Received Import Request.
  Time since last request: 0.000201 seconds.
  path: Assets/Prefabs/Backrooms/1/2.prefab
  artifactKey: Guid(7270e126252440845b16f34c11a528a2) Importer(815301076,1909f56bfc062723c751e8b465ee728b)
Start importing Assets/Prefabs/Backrooms/1/2.prefab using Guid(7270e126252440845b16f34c11a528a2) Importer(815301076,1909f56bfc062723c751e8b465ee728b)  -> (artifact id: 'cf7575f052c6fe48a45426d126f6cdd5') in 0.048217 seconds 
  Import took 0.055217 seconds .

========================================================================
Received Import Request.
  Time since last request: 0.000212 seconds.
  path: Assets/Prefabs/Backrooms/1/4 1.prefab
  artifactKey: Guid(0b3a8b0acd5812240b48853edf85375d) Importer(815301076,1909f56bfc062723c751e8b465ee728b)
Start importing Assets/Prefabs/Backrooms/1/4 1.prefab using Guid(0b3a8b0acd5812240b48853edf85375d) Importer(815301076,1909f56bfc062723c751e8b465ee728b)  -> (artifact id: '94a55d92d8e90ca54bb75750a9ec6b0c') in 0.014872 seconds 
  Import took 0.024110 seconds .

========================================================================
Received Import Request.
  Time since last request: 0.000178 seconds.
  path: Assets/Prefabs/Backrooms/1/5.prefab
  artifactKey: Guid(e10bda67738c93f4f958d9bbe5af4c7e) Importer(815301076,1909f56bfc062723c751e8b465ee728b)
Start importing Assets/Prefabs/Backrooms/1/5.prefab using Guid(e10bda67738c93f4f958d9bbe5af4c7e) Importer(815301076,1909f56bfc062723c751e8b465ee728b)  -> (artifact id: 'd72aea4d3163284aadba8316ba09b75b') in 0.012647 seconds 
  Import took 0.018914 seconds .

========================================================================
Received Import Request.
  Time since last request: 0.000198 seconds.
  path: Assets/Prefabs/Backrooms/1/3.prefab
  artifactKey: Guid(b998106182f84164181cae34eb6c2e67) Importer(815301076,1909f56bfc062723c751e8b465ee728b)
Start importing Assets/Prefabs/Backrooms/1/3.prefab using Guid(b998106182f84164181cae34eb6c2e67) Importer(815301076,1909f56bfc062723c751e8b465ee728b)  -> (artifact id: '169ada39e947fed57abf80b42677154c') in 0.011660 seconds 
  Import took 0.018104 seconds .

========================================================================
Received Import Request.
  Time since last request: 92.215439 seconds.
  path: Assets/Prefabs/Backrooms/1/1.prefab
  artifactKey: Guid(4a5878a9da0713244b9d36d7746fdf6a) Importer(815301076,1909f56bfc062723c751e8b465ee728b)
Start importing Assets/Prefabs/Backrooms/1/1.prefab using Guid(4a5878a9da0713244b9d36d7746fdf6a) Importer(815301076,1909f56bfc062723c751e8b465ee728b)  -> (artifact id: 'dbfd22f81a4e6548c7dd2a0b6d1d87ad') in 0.013359 seconds 
  Import took 0.021441 seconds .

========================================================================
Received Import Request.
  Time since last request: 0.000239 seconds.
  path: Assets/Prefabs/Backrooms/1/4.prefab
  artifactKey: Guid(4c426629e07dcf947bc195bb2a8928b0) Importer(815301076,1909f56bfc062723c751e8b465ee728b)
Start importing Assets/Prefabs/Backrooms/1/4.prefab using Guid(4c426629e07dcf947bc195bb2a8928b0) Importer(815301076,1909f56bfc062723c751e8b465ee728b)  -> (artifact id: 'dd4422ec296cdd86f642f1399d76cfe1') in 0.021906 seconds 
  Import took 0.028568 seconds .

========================================================================
Received Import Request.
  Time since last request: 0.000222 seconds.
  path: Assets/Prefabs/Backrooms/1/2.prefab
  artifactKey: Guid(7270e126252440845b16f34c11a528a2) Importer(815301076,1909f56bfc062723c751e8b465ee728b)
Start importing Assets/Prefabs/Backrooms/1/2.prefab using Guid(7270e126252440845b16f34c11a528a2) Importer(815301076,1909f56bfc062723c751e8b465ee728b)  -> (artifact id: 'e64bbdbff819cdf4685b698a24040be6') in 0.040409 seconds 
  Import took 0.047132 seconds .

========================================================================
Received Import Request.
  Time since last request: 0.000267 seconds.
  path: Assets/Prefabs/Backrooms/1/4 1.prefab
  artifactKey: Guid(0b3a8b0acd5812240b48853edf85375d) Importer(815301076,1909f56bfc062723c751e8b465ee728b)
Start importing Assets/Prefabs/Backrooms/1/4 1.prefab using Guid(0b3a8b0acd5812240b48853edf85375d) Importer(815301076,1909f56bfc062723c751e8b465ee728b)  -> (artifact id: 'a6e87a271216a75a235ff3f7e6e3e89f') in 0.019094 seconds 
  Import took 0.025446 seconds .

========================================================================
Received Import Request.
  Time since last request: 0.000227 seconds.
  path: Assets/Prefabs/Backrooms/1/5.prefab
  artifactKey: Guid(e10bda67738c93f4f958d9bbe5af4c7e) Importer(815301076,1909f56bfc062723c751e8b465ee728b)
Start importing Assets/Prefabs/Backrooms/1/5.prefab using Guid(e10bda67738c93f4f958d9bbe5af4c7e) Importer(815301076,1909f56bfc062723c751e8b465ee728b)  -> (artifact id: 'd35780f2ebfcbc2497153fda34a7ffd8') in 0.015291 seconds 
  Import took 0.021420 seconds .

========================================================================
Received Import Request.
  Time since last request: 0.000219 seconds.
  path: Assets/Prefabs/Backrooms/1/3.prefab
  artifactKey: Guid(b998106182f84164181cae34eb6c2e67) Importer(815301076,1909f56bfc062723c751e8b465ee728b)
Start importing Assets/Prefabs/Backrooms/1/3.prefab using Guid(b998106182f84164181cae34eb6c2e67) Importer(815301076,1909f56bfc062723c751e8b465ee728b)  -> (artifact id: '3eaae5b12002d04f74a4bbb41af006f0') in 0.014609 seconds 
  Import took 0.021354 seconds .

========================================================================
Received Import Request.
  Time since last request: 3.798266 seconds.
  path: Assets/Prefabs/Backrooms/1/5.prefab
  artifactKey: Guid(e10bda67738c93f4f958d9bbe5af4c7e) Importer(815301076,1909f56bfc062723c751e8b465ee728b)
Start importing Assets/Prefabs/Backrooms/1/5.prefab using Guid(e10bda67738c93f4f958d9bbe5af4c7e) Importer(815301076,1909f56bfc062723c751e8b465ee728b)  -> (artifact id: 'dbef343fb41d8f55a021b311ded26007') in 0.013374 seconds 
  Import took 0.021616 seconds .

========================================================================
Received Import Request.
  Time since last request: 10.491831 seconds.
  path: Assets/Prefabs/Backrooms/1/5.prefab
  artifactKey: Guid(e10bda67738c93f4f958d9bbe5af4c7e) Importer(815301076,1909f56bfc062723c751e8b465ee728b)
Start importing Assets/Prefabs/Backrooms/1/5.prefab using Guid(e10bda67738c93f4f958d9bbe5af4c7e) Importer(815301076,1909f56bfc062723c751e8b465ee728b)  -> (artifact id: '6be0eb4b7e50781d4b167e174f99694b') in 0.009675 seconds 
  Import took 0.017882 seconds .

========================================================================
Received Import Request.
  Time since last request: 117.047828 seconds.
  path: Assets/Prefabs/Backrooms/1/5.prefab
  artifactKey: Guid(e10bda67738c93f4f958d9bbe5af4c7e) Importer(815301076,1909f56bfc062723c751e8b465ee728b)
Start importing Assets/Prefabs/Backrooms/1/5.prefab using Guid(e10bda67738c93f4f958d9bbe5af4c7e) Importer(815301076,1909f56bfc062723c751e8b465ee728b)  -> (artifact id: '64dda126613714a6fc663f513f460b38') in 0.008967 seconds 
  Import took 0.015547 seconds .

========================================================================
Received Import Request.
  Time since last request: 278.848222 seconds.
  path: Assets/Prefabs/Light.prefab
  artifactKey: Guid(3d0b0744ad7a2084bbf358acb68718c7) Importer(815301076,1909f56bfc062723c751e8b465ee728b)
Start importing Assets/Prefabs/Light.prefab using Guid(3d0b0744ad7a2084bbf358acb68718c7) Importer(815301076,1909f56bfc062723c751e8b465ee728b)  -> (artifact id: '7f5bc4323d64ea7b34a8b1b0090c67ed') in 0.008723 seconds 
  Import took 0.015918 seconds .

========================================================================
Received Import Request.
  Time since last request: 2.432158 seconds.
  path: Assets/Prefabs/Backrooms/1/5.prefab
  artifactKey: Guid(e10bda67738c93f4f958d9bbe5af4c7e) Importer(815301076,1909f56bfc062723c751e8b465ee728b)
Start importing Assets/Prefabs/Backrooms/1/5.prefab using Guid(e10bda67738c93f4f958d9bbe5af4c7e) Importer(815301076,1909f56bfc062723c751e8b465ee728b)  -> (artifact id: '84f2ee1068f1ceeac0f2c0bdfbae73b3') in 0.009943 seconds 
  Import took 0.016524 seconds .

========================================================================
Received Import Request.
  Time since last request: 9.160141 seconds.
  path: Assets/Prefabs/Backrooms/1/5 1.prefab
  artifactKey: Guid(483337e61ecd76643adc25eeb5ad5b05) Importer(815301076,1909f56bfc062723c751e8b465ee728b)
Start importing Assets/Prefabs/Backrooms/1/5 1.prefab using Guid(483337e61ecd76643adc25eeb5ad5b05) Importer(815301076,1909f56bfc062723c751e8b465ee728b)  -> (artifact id: '5139fdeac994c7cf753a0a62986e21c0') in 0.015407 seconds 
  Import took 0.022095 seconds .

========================================================================
Received Import Request.
  Time since last request: 47.019212 seconds.
  path: Assets/Prefabs/Backrooms/1/5 1.prefab
  artifactKey: Guid(483337e61ecd76643adc25eeb5ad5b05) Importer(815301076,1909f56bfc062723c751e8b465ee728b)
Start importing Assets/Prefabs/Backrooms/1/5 1.prefab using Guid(483337e61ecd76643adc25eeb5ad5b05) Importer(815301076,1909f56bfc062723c751e8b465ee728b)  -> (artifact id: '7166e4dd798a79d81c6f88e91c745043') in 0.011894 seconds 
  Import took 0.018153 seconds .

========================================================================
Received Import Request.
  Time since last request: 93.387402 seconds.
  path: Assets/Prefabs/Backrooms/1/5 1.prefab
  artifactKey: Guid(483337e61ecd76643adc25eeb5ad5b05) Importer(815301076,1909f56bfc062723c751e8b465ee728b)
Start importing Assets/Prefabs/Backrooms/1/5 1.prefab using Guid(483337e61ecd76643adc25eeb5ad5b05) Importer(815301076,1909f56bfc062723c751e8b465ee728b)  -> (artifact id: '324f3df87d6f0e9046403c2644a9e3ab') in 0.011521 seconds 
  Import took 0.017760 seconds .

========================================================================
Received Import Request.
  Time since last request: 5.692694 seconds.
  path: Assets/Prefabs/Backrooms/1/1 1.prefab
  artifactKey: Guid(8003c774a86d8af4485e3c8a93c760ce) Importer(815301076,1909f56bfc062723c751e8b465ee728b)
Start importing Assets/Prefabs/Backrooms/1/1 1.prefab using Guid(8003c774a86d8af4485e3c8a93c760ce) Importer(815301076,1909f56bfc062723c751e8b465ee728b)  -> (artifact id: 'dcef8199b32927a0eaafceae98d8e496') in 0.008587 seconds 
  Import took 0.015435 seconds .

========================================================================
Received Import Request.
  Time since last request: 4.564834 seconds.
  path: Assets/Prefabs/Backrooms/1/6.prefab
  artifactKey: Guid(8003c774a86d8af4485e3c8a93c760ce) Importer(815301076,1909f56bfc062723c751e8b465ee728b)
Start importing Assets/Prefabs/Backrooms/1/6.prefab using Guid(8003c774a86d8af4485e3c8a93c760ce) Importer(815301076,1909f56bfc062723c751e8b465ee728b)  -> (artifact id: '8955f2f16bc8efa1a8b201079670fb19') in 0.013628 seconds 
  Import took 0.020091 seconds .

========================================================================
Received Import Request.
  Time since last request: 156.600494 seconds.
  path: Assets/Prefabs/Backrooms/1/6.prefab
  artifactKey: Guid(8003c774a86d8af4485e3c8a93c760ce) Importer(815301076,1909f56bfc062723c751e8b465ee728b)
Start importing Assets/Prefabs/Backrooms/1/6.prefab using Guid(8003c774a86d8af4485e3c8a93c760ce) Importer(815301076,1909f56bfc062723c751e8b465ee728b)  -> (artifact id: '8a0206477cd5cf0e7a4b3d6f4df1a36f') in 0.010084 seconds 
  Import took 0.018309 seconds .

========================================================================
Received Import Request.
  Time since last request: 176.405606 seconds.
  path: Assets/ProBuilder Data/Default Material Palette.asset
  artifactKey: Guid(fa804d0109a3cd24d80bfa4a9e2c59f2) Importer(815301076,1909f56bfc062723c751e8b465ee728b)
Start importing Assets/ProBuilder Data/Default Material Palette.asset using Guid(fa804d0109a3cd24d80bfa4a9e2c59f2) Importer(815301076,1909f56bfc062723c751e8b465ee728b)  -> (artifact id: '20c14495b7c01715bedf89ca294efdcb') in 0.012110 seconds 
  Import took 0.019107 seconds .

========================================================================
Received Import Request.
  Time since last request: 3.572997 seconds.
  path: Assets/Prefabs/Backrooms/1/6.prefab
  artifactKey: Guid(8003c774a86d8af4485e3c8a93c760ce) Importer(815301076,1909f56bfc062723c751e8b465ee728b)
Start importing Assets/Prefabs/Backrooms/1/6.prefab using Guid(8003c774a86d8af4485e3c8a93c760ce) Importer(815301076,1909f56bfc062723c751e8b465ee728b)  -> (artifact id: 'c21e7bb5612b15507fd92124f5f7221a') in 0.009613 seconds 
  Import took 0.015838 seconds .

========================================================================
Received Prepare
Registering precompiled user dll's ...
Registered in 0.004142 seconds.
Begin MonoManager ReloadAssembly
Native extension for WindowsStandalone target not found
Refreshing native plugins compatible for Editor in 0.69 ms, found 2 plugins.
Preloading 0 native plugins for Editor in 0.00 ms.
Mono: successfully reloaded assembly
- Completed reload, in  1.351 seconds
Domain Reload Profiling:
	ReloadAssembly (1352ms)
		BeginReloadAssembly (189ms)
			ExecutionOrderSort (0ms)
			DisableScriptedObjects (27ms)
			BackupInstance (0ms)
			ReleaseScriptingObjects (0ms)
			CreateAndSetChildDomain (47ms)
		EndReloadAssembly (1102ms)
			LoadAssemblies (102ms)
			RebuildTransferFunctionScriptingTraits (0ms)
			SetupTypeCache (329ms)
			ReleaseScriptCaches (2ms)
			RebuildScriptCaches (66ms)
			SetupLoadedEditorAssemblies (373ms)
				LogAssemblyErrors (0ms)
				InitializePlatformSupportModulesInManaged (4ms)
				SetLoadedEditorAssemblies (0ms)
				RefreshPlugins (1ms)
				BeforeProcessingInitializeOnLoad (112ms)
				ProcessInitializeOnLoadAttributes (237ms)
				ProcessInitializeOnLoadMethodAttributes (10ms)
				AfterProcessingInitializeOnLoad (8ms)
				EditorAssembliesLoaded (0ms)
			ExecutionOrderSort2 (0ms)
			AwakeInstancesAfterBackupRestoration (10ms)
Platform modules already initialized, skipping
Refreshing native plugins compatible for Editor in 0.68 ms, found 2 plugins.
Preloading 0 native plugins for Editor in 0.00 ms.
Unloading 3887 Unused Serialized files (Serialized files now loaded: 0)
System memory in use before: 193.7 MB.
System memory in use after: 194.0 MB.

Unloading 13 unused Assets to reduce memory usage. Loaded Objects now: 4770.
Total: 3.961200 ms (FindLiveObjects: 0.377200 ms CreateObjectMapping: 0.302100 ms MarkObjects: 3.258500 ms  DeleteObjects: 0.022700 ms)

AssetImportParameters requested are different than current active one (requested -> active):
  custom:framework-win-MediaFoundation: 216162199b28c13a410421893ffa2e32 -> 
  custom:video-decoder-ogg-theora: a1e56fd34408186e4bbccfd4996cb3dc -> 
  custom:container-muxer-webm: aa71ff27fc2769a1b78a27578f13a17b -> 
  custom:container-demuxer-webm: 4f35f7cbe854078d1ac9338744f61a02 -> 
  custom:container-demuxer-ogg: 62fdf1f143b41e24485cea50d1cbac27 -> 
  custom:video-encoder-webm-vp8: eb34c28f22e8b96e1ab97ce403110664 -> 
  custom:video-decoder-webm-vp8: 9c59270c3fd7afecdb556c50c9e8de78 -> 
  custom:audio-decoder-ogg-vorbis: bf7c407c2cedff20999df2af8eb42d56 -> 
  custom:audio-encoder-webm-vorbis: bf7c407c2cedff20999df2af8eb42d56 -> 
========================================================================
Received Prepare
Registering precompiled user dll's ...
Registered in 0.004202 seconds.
Begin MonoManager ReloadAssembly
Native extension for WindowsStandalone target not found
Refreshing native plugins compatible for Editor in 0.76 ms, found 2 plugins.
Preloading 0 native plugins for Editor in 0.00 ms.
Mono: successfully reloaded assembly
- Completed reload, in  1.287 seconds
Domain Reload Profiling:
	ReloadAssembly (1288ms)
		BeginReloadAssembly (124ms)
			ExecutionOrderSort (0ms)
			DisableScriptedObjects (5ms)
			BackupInstance (0ms)
			ReleaseScriptingObjects (0ms)
			CreateAndSetChildDomain (35ms)
		EndReloadAssembly (1102ms)
			LoadAssemblies (101ms)
			RebuildTransferFunctionScriptingTraits (0ms)
			SetupTypeCache (321ms)
			ReleaseScriptCaches (2ms)
			RebuildScriptCaches (64ms)
			SetupLoadedEditorAssemblies (401ms)
				LogAssemblyErrors (0ms)
				InitializePlatformSupportModulesInManaged (4ms)
				SetLoadedEditorAssemblies (1ms)
				RefreshPlugins (1ms)
				BeforeProcessingInitializeOnLoad (120ms)
				ProcessInitializeOnLoadAttributes (257ms)
				ProcessInitializeOnLoadMethodAttributes (10ms)
				AfterProcessingInitializeOnLoad (8ms)
				EditorAssembliesLoaded (0ms)
			ExecutionOrderSort2 (0ms)
			AwakeInstancesAfterBackupRestoration (19ms)
Platform modules already initialized, skipping
Refreshing native plugins compatible for Editor in 0.70 ms, found 2 plugins.
Preloading 0 native plugins for Editor in 0.00 ms.
Unloading 3873 Unused Serialized files (Serialized files now loaded: 0)
System memory in use before: 193.0 MB.
System memory in use after: 193.3 MB.

Unloading 13 unused Assets to reduce memory usage. Loaded Objects now: 4773.
Total: 3.382900 ms (FindLiveObjects: 0.282200 ms CreateObjectMapping: 0.188500 ms MarkObjects: 2.892200 ms  DeleteObjects: 0.019400 ms)

AssetImportParameters requested are different than current active one (requested -> active):
  custom:framework-win-MediaFoundation: 216162199b28c13a410421893ffa2e32 -> 
  custom:video-decoder-ogg-theora: a1e56fd34408186e4bbccfd4996cb3dc -> 
  custom:container-muxer-webm: aa71ff27fc2769a1b78a27578f13a17b -> 
  custom:container-demuxer-webm: 4f35f7cbe854078d1ac9338744f61a02 -> 
  custom:container-demuxer-ogg: 62fdf1f143b41e24485cea50d1cbac27 -> 
  custom:video-encoder-webm-vp8: eb34c28f22e8b96e1ab97ce403110664 -> 
  custom:video-decoder-webm-vp8: 9c59270c3fd7afecdb556c50c9e8de78 -> 
  custom:audio-decoder-ogg-vorbis: bf7c407c2cedff20999df2af8eb42d56 -> 
  custom:audio-encoder-webm-vorbis: bf7c407c2cedff20999df2af8eb42d56 -> 
AssetImportWorkerClient::OnTransportError - code=2 error=End of file
